<?xml version="1.0" encoding="UTF-8"?>
<!-- Generated by org.testng.reporters.JUnitReportReporter -->
<testsuite hostname="MrB" failures="0" tests="1" name="Docker.Grid" time="12.521" errors="0" timestamp="2021-07-29T03:16:36 EDT" skipped="0">
  <testcase classname="Docker.Grid" name="googleTest" time="12.521"/>
  <system-out/>
</testsuite> <!-- Docker.Grid -->
