<?xml version="1.0" encoding="UTF-8"?>
<!-- Generated by org.testng.reporters.JUnitReportReporter -->
<testsuite hostname="MrB" failures="0" tests="1" name="Docker.local" time="11.079" errors="0" timestamp="2021-07-29T03:16:36 EDT" skipped="0">
  <testcase classname="Docker.local" name="googleTest" time="11.079"/>
  <system-out/>
</testsuite> <!-- Docker.local -->
