<?xml version="1.0" encoding="UTF-8"?>
<!-- Generated by org.testng.reporters.JUnitReportReporter -->
<testsuite hostname="MrB" failures="0" tests="1" name="Docker.Grid" time="14.143" errors="0" timestamp="2021-07-29T04:44:50 EDT" skipped="0">
  <testcase classname="Docker.Grid" name="googleTest" time="14.143"/>
  <system-out/>
</testsuite> <!-- Docker.Grid -->
